This is pdfTeX, Version 3.141592653-2.6-1.40.29 (TeX Live 2026) (preloaded format=pdflatex 2026.3.22)  14 JUL 2026 16:44
entering extended mode
 restricted \write18 enabled.
 %&-line parsing enabled.
**scm_case_report_wrapper.tex
(./scm_case_report_wrapper.tex
LaTeX2e <2025-11-01>
L3 programming layer <2026-01-19>
(/usr/local/texlive/2026/texmf-dist/tex/latex/base/article.cls
Document Class: article 2025/01/22 v1.4n Standard LaTeX document class
(/usr/local/texlive/2026/texmf-dist/tex/latex/base/size10.clo
File: size10.clo 2025/01/22 v1.4n Standard LaTeX file (size option)
)
\c@part=\count275
\c@section=\count276
\c@subsection=\count277
\c@subsubsection=\count278
\c@paragraph=\count279
\c@subparagraph=\count280
\c@figure=\count281
\c@table=\count282
\abovecaptionskip=\skip49
\belowcaptionskip=\skip50
\bibindent=\dimen148
)
(/usr/local/texlive/2026/texmf-dist/tex/latex/base/fontenc.sty
Package: fontenc 2025/07/18 v2.1d Standard LaTeX package
)
(/usr/local/texlive/2026/texmf-dist/tex/latex/lm/lmodern.sty
Package: lmodern 2015/05/01 v1.6.1 Latin Modern Fonts
LaTeX Font Info:    Overwriting symbol font `operators' in version `normal'
(Font)                  OT1/cmr/m/n --> OT1/lmr/m/n on input line 22.
LaTeX Font Info:    Overwriting symbol font `letters' in version `normal'
(Font)                  OML/cmm/m/it --> OML/lmm/m/it on input line 23.
LaTeX Font Info:    Overwriting symbol font `symbols' in version `normal'
(Font)                  OMS/cmsy/m/n --> OMS/lmsy/m/n on input line 24.
LaTeX Font Info:    Overwriting symbol font `largesymbols' in version `normal'
(Font)                  OMX/cmex/m/n --> OMX/lmex/m/n on input line 25.
LaTeX Font Info:    Overwriting symbol font `operators' in version `bold'
(Font)                  OT1/cmr/bx/n --> OT1/lmr/bx/n on input line 26.
LaTeX Font Info:    Overwriting symbol font `letters' in version `bold'
(Font)                  OML/cmm/b/it --> OML/lmm/b/it on input line 27.
LaTeX Font Info:    Overwriting symbol font `symbols' in version `bold'
(Font)                  OMS/cmsy/b/n --> OMS/lmsy/b/n on input line 28.
LaTeX Font Info:    Overwriting symbol font `largesymbols' in version `bold'
(Font)                  OMX/cmex/m/n --> OMX/lmex/m/n on input line 29.
LaTeX Font Info:    Overwriting math alphabet `\mathbf' in version `normal'
(Font)                  OT1/cmr/bx/n --> OT1/lmr/bx/n on input line 31.
LaTeX Font Info:    Overwriting math alphabet `\mathsf' in version `normal'
(Font)                  OT1/cmss/m/n --> OT1/lmss/m/n on input line 32.
LaTeX Font Info:    Overwriting math alphabet `\mathit' in version `normal'
(Font)                  OT1/cmr/m/it --> OT1/lmr/m/it on input line 33.
LaTeX Font Info:    Overwriting math alphabet `\mathtt' in version `normal'
(Font)                  OT1/cmtt/m/n --> OT1/lmtt/m/n on input line 34.
LaTeX Font Info:    Overwriting math alphabet `\mathbf' in version `bold'
(Font)                  OT1/cmr/bx/n --> OT1/lmr/bx/n on input line 35.
LaTeX Font Info:    Overwriting math alphabet `\mathsf' in version `bold'
(Font)                  OT1/cmss/bx/n --> OT1/lmss/bx/n on input line 36.
LaTeX Font Info:    Overwriting math alphabet `\mathit' in version `bold'
(Font)                  OT1/cmr/bx/it --> OT1/lmr/bx/it on input line 37.
LaTeX Font Info:    Overwriting math alphabet `\mathtt' in version `bold'
(Font)                  OT1/cmtt/m/n --> OT1/lmtt/m/n on input line 38.
)
(/usr/local/texlive/2026/texmf-dist/tex/latex/graphics/graphicx.sty
Package: graphicx 2024/12/31 v1.2e Enhanced LaTeX Graphics (DPC,SPQR)

(/usr/local/texlive/2026/texmf-dist/tex/latex/graphics/keyval.sty
Package: keyval 2022/05/29 v1.15 key=value parser (DPC)
\KV@toks@=\toks17
)
(/usr/local/texlive/2026/texmf-dist/tex/latex/graphics/graphics.sty
Package: graphics 2024/08/06 v1.4g Standard LaTeX Graphics (DPC,SPQR)

(/usr/local/texlive/2026/texmf-dist/tex/latex/graphics/trig.sty
Package: trig 2023/12/02 v1.11 sin cos tan (DPC)
)
(/usr/local/texlive/2026/texmf-dist/tex/latex/graphics-cfg/graphics.cfg
File: graphics.cfg 2016/06/04 v1.11 sample graphics configuration
)
Package graphics Info: Driver file: pdftex.def on input line 106.

(/usr/local/texlive/2026/texmf-dist/tex/latex/graphics-def/pdftex.def
File: pdftex.def 2025/09/29 v1.2d Graphics/color driver for pdftex
))
\Gin@req@height=\dimen149
\Gin@req@width=\dimen150
)
LaTeX Font Info:    Trying to load font information for T1+lmr on input line 5.


(/usr/local/texlive/2026/texmf-dist/tex/latex/lm/t1lmr.fd
File: t1lmr.fd 2015/05/01 v1.6.1 Font defs for Latin Modern
)
(/usr/local/texlive/2026/texmf-dist/tex/latex/l3backend/l3backend-pdftex.def
File: l3backend-pdftex.def 2025-10-09 L3 backend support: PDF output (pdfTeX)
\l__color_backend_stack_int=\count283
)
(./scm_case_report_wrapper.aux)
\openout1 = `scm_case_report_wrapper.aux'.

LaTeX Font Info:    Checking defaults for OML/cmm/m/it on input line 5.
LaTeX Font Info:    ... okay on input line 5.
LaTeX Font Info:    Checking defaults for OMS/cmsy/m/n on input line 5.
LaTeX Font Info:    ... okay on input line 5.
LaTeX Font Info:    Checking defaults for OT1/cmr/m/n on input line 5.
LaTeX Font Info:    ... okay on input line 5.
LaTeX Font Info:    Checking defaults for T1/cmr/m/n on input line 5.
LaTeX Font Info:    ... okay on input line 5.
LaTeX Font Info:    Checking defaults for TS1/cmr/m/n on input line 5.
LaTeX Font Info:    ... okay on input line 5.
LaTeX Font Info:    Checking defaults for OMX/cmex/m/n on input line 5.
LaTeX Font Info:    ... okay on input line 5.
LaTeX Font Info:    Checking defaults for U/cmr/m/n on input line 5.
LaTeX Font Info:    ... okay on input line 5.

(/usr/local/texlive/2026/texmf-dist/tex/context/base/mkii/supp-pdf.mkii
[Loading MPS to PDF converter (version 2006.09.02).]
\scratchcounter=\count284
\scratchdimen=\dimen151
\scratchbox=\box53
\nofMPsegments=\count285
\nofMParguments=\count286
\everyMPshowfont=\toks18
\MPscratchCnt=\count287
\MPscratchDim=\dimen152
\MPnumerator=\count288
\makeMPintoPDFobject=\count289
\everyMPtoPDFconversion=\toks19
) (/usr/local/texlive/2026/texmf-dist/tex/latex/epstopdf-pkg/epstopdf-base.sty
Package: epstopdf-base 2020-01-24 v2.11 Base part for package epstopdf
Package epstopdf-base Info: Redefining graphics rule for `.eps' on input line 4
85.

(/usr/local/texlive/2026/texmf-dist/tex/latex/latexconfig/epstopdf-sys.cfg
File: epstopdf-sys.cfg 2010/07/13 v1.3 Configuration of (r)epstopdf for TeX Liv
e
))
(./scm_case_report.tex
LaTeX Font Info:    Trying to load font information for T1+lmtt on input line 6
.

(/usr/local/texlive/2026/texmf-dist/tex/latex/lm/t1lmtt.fd
File: t1lmtt.fd 2015/05/01 v1.6.1 Font defs for Latin Modern
)
Overfull \hbox (154.25536pt too wide) in paragraph at lines 5--8
\T1/lmtt/m/n/10 results/scm_verify/summary.json \T1/lmr/m/n/10 . The sim-u-la-t
ion com-pleted with  \T1/lmtt/m/n/10 OrdinaryDiffEqRosenbrock.Rodas5P{0,
 []


Overfull \hbox (11.99896pt too wide) in paragraph at lines 5--8
\T1/lmtt/m/n/10 ADTypes.AutoFiniteDiff{Val{:forward}, Val{:forward}, Val{:hcent
ral},
 []


Overfull \hbox (53.99884pt too wide) in paragraph at lines 5--8
\T1/lmtt/m/n/10 Nothing, Nothing, Int64}, Nothing, typeof(OrdinaryDiffEqCore.DE
FAULT_PRECS),
 []


Overfull \hbox (53.99884pt too wide) in paragraph at lines 5--8
\T1/lmtt/m/n/10 Val{:forward}(), true, nothing, typeof(OrdinaryDiffEqCore.trivi
al_limiter!),
 []

LaTeX Font Info:    Trying to load font information for TS1+lmr on input line 1
1.
(/usr/local/texlive/2026/texmf-dist/tex/latex/lm/ts1lmr.fd
File: ts1lmr.fd 2015/05/01 v1.6.1 Font defs for Latin Modern
)
LaTeX Font Info:    Trying to load font information for OT1+lmr on input line 1
7.

(/usr/local/texlive/2026/texmf-dist/tex/latex/lm/ot1lmr.fd
File: ot1lmr.fd 2015/05/01 v1.6.1 Font defs for Latin Modern
)
LaTeX Font Info:    Trying to load font information for OML+lmm on input line 1
7.

(/usr/local/texlive/2026/texmf-dist/tex/latex/lm/omllmm.fd
File: omllmm.fd 2015/05/01 v1.6.1 Font defs for Latin Modern
)
LaTeX Font Info:    Trying to load font information for OMS+lmsy on input line 
17.

(/usr/local/texlive/2026/texmf-dist/tex/latex/lm/omslmsy.fd
File: omslmsy.fd 2015/05/01 v1.6.1 Font defs for Latin Modern
)
LaTeX Font Info:    Trying to load font information for OMX+lmex on input line 
17.

(/usr/local/texlive/2026/texmf-dist/tex/latex/lm/omxlmex.fd
File: omxlmex.fd 2015/05/01 v1.6.1 Font defs for Latin Modern
)
LaTeX Font Info:    External font `lmex10' loaded for size
(Font)              <10> on input line 17.
LaTeX Font Info:    External font `lmex10' loaded for size
(Font)              <7> on input line 17.
LaTeX Font Info:    External font `lmex10' loaded for size
(Font)              <5> on input line 17.
 [1

{/usr/local/texlive/2026/texmf-var/fonts/map/pdftex/updmap/pdftex.map}{/usr/loc
al/texlive/2026/texmf-dist/fonts/enc/dvips/lm/lm-ec.enc}{/usr/local/texlive/202
6/texmf-dist/fonts/enc/dvips/lm/lm-ts1.enc}{/usr/local/texlive/2026/texmf-dist/
fonts/enc/dvips/lm/lm-rm.enc}{/usr/local/texlive/2026/texmf-dist/fonts/enc/dvip
s/lm/lm-mathit.enc}{/usr/local/texlive/2026/texmf-dist/fonts/enc/dvips/lm/lm-ma
thsy.enc}]
<plots/fig01_timeseries_ts_h_ustar.png, id=16, 1204.5pt x 803.0pt>
File: plots/fig01_timeseries_ts_h_ustar.png Graphic file (type png)
<use plots/fig01_timeseries_ts_h_ustar.png>
Package pdftex.def Info: plots/fig01_timeseries_ts_h_ustar.png  used on input l
ine 55.
(pdftex.def)             Requested size: 327.74895pt x 218.50378pt.
<plots/fig02_hovmoller_wind.png, id=17, 1204.5pt x 803.0pt>
File: plots/fig02_hovmoller_wind.png Graphic file (type png)
<use plots/fig02_hovmoller_wind.png>
Package pdftex.def Info: plots/fig02_hovmoller_wind.png  used on input line 61.

(pdftex.def)             Requested size: 327.74895pt x 218.50378pt.
<plots/fig03_hovmoller_theta.png, id=18, 1204.5pt x 803.0pt>
File: plots/fig03_hovmoller_theta.png Graphic file (type png)
<use plots/fig03_hovmoller_theta.png>
Package pdftex.def Info: plots/fig03_hovmoller_theta.png  used on input line 67
.
(pdftex.def)             Requested size: 327.74895pt x 218.50378pt.
<plots/fig04_profiles_u_theta_km.png, id=19, 2810.5pt x 843.15pt>
File: plots/fig04_profiles_u_theta_km.png Graphic file (type png)
<use plots/fig04_profiles_u_theta_km.png>
Package pdftex.def Info: plots/fig04_profiles_u_theta_km.png  used on input lin
e 73.
(pdftex.def)             Requested size: 327.74895pt x 98.3175pt.
<plots/fig05_surface_energy_budget.png, id=20, 1204.5pt x 803.0pt>
File: plots/fig05_surface_energy_budget.png Graphic file (type png)
<use plots/fig05_surface_energy_budget.png>
Package pdftex.def Info: plots/fig05_surface_energy_budget.png  used on input l
ine 79.
(pdftex.def)             Requested size: 327.74895pt x 218.50378pt.
<plots/fig06_phase_delta_exi.png, id=21, 1204.5pt x 803.0pt>
File: plots/fig06_phase_delta_exi.png Graphic file (type png)
<use plots/fig06_phase_delta_exi.png>
Package pdftex.def Info: plots/fig06_phase_delta_exi.png  used on input line 85
.
(pdftex.def)             Requested size: 327.74895pt x 218.50378pt.
<plots/fig07_diffusivity_vs_ri.png, id=22, 2409.0pt x 843.15pt>
File: plots/fig07_diffusivity_vs_ri.png Graphic file (type png)
<use plots/fig07_diffusivity_vs_ri.png>
Package pdftex.def Info: plots/fig07_diffusivity_vs_ri.png  used on input line 
91.
(pdftex.def)             Requested size: 327.74895pt x 114.70804pt.
<plots/fig08_fold_proximity.png, id=23, 1204.5pt x 803.0pt>
File: plots/fig08_fold_proximity.png Graphic file (type png)
<use plots/fig08_fold_proximity.png>
Package pdftex.def Info: plots/fig08_fold_proximity.png  used on input line 97.

(pdftex.def)             Requested size: 327.74895pt x 218.50378pt.
)
[2 <./plots/fig01_timeseries_ts_h_ustar.png>] [3 <./plots/fig02_hovmoller_wind.
png> <./plots/fig03_hovmoller_theta.png>] [4 <./plots/fig04_profiles_u_theta_km
.png> <./plots/fig05_surface_energy_budget.png>] [5 <./plots/fig06_phase_delta_
exi.png> <./plots/fig07_diffusivity_vs_ri.png>] [6 <./plots/fig08_fold_proximit
y.png>] (./scm_case_report_wrapper.aux)
 ***********
LaTeX2e <2025-11-01>
L3 programming layer <2026-01-19>
 ***********
 ) 
Here is how much of TeX's memory you used:
 1792 strings out of 467525
 30341 string characters out of 5418982
 441756 words of memory out of 5000000
 30698 multiletter control sequences out of 15000+600000
 655162 words of font info for 58 fonts, out of 8000000 for 9000
 1141 hyphenation exceptions out of 8191
 57i,6n,65p,547b,234s stack positions out of 10000i,1000n,20000p,200000b,200000s
</usr/local/texlive/2026/texmf-dist/fonts/type1/public/lm/lmbx12.pfb></usr/lo
cal/texlive/2026/texmf-dist/fonts/type1/public/lm/lmmi10.pfb></usr/local/texliv
e/2026/texmf-dist/fonts/type1/public/lm/lmmi7.pfb></usr/local/texlive/2026/texm
f-dist/fonts/type1/public/lm/lmr10.pfb></usr/local/texlive/2026/texmf-dist/font
s/type1/public/lm/lmr7.pfb></usr/local/texlive/2026/texmf-dist/fonts/type1/publ
ic/lm/lmsy10.pfb></usr/local/texlive/2026/texmf-dist/fonts/type1/public/lm/lmsy
7.pfb></usr/local/texlive/2026/texmf-dist/fonts/type1/public/lm/lmtt10.pfb>
Output written on scm_case_report_wrapper.pdf (6 pages, 697757 bytes).
PDF statistics:
 82 PDF objects out of 1000 (max. 8388607)
 47 compressed objects within 1 object stream
 0 named destinations out of 1000 (max. 500000)
 41 words of extra memory for PDF output out of 10000 (max. 10000000)

